<?xml version="1.0" encoding="UTF-8"?>
<!-- Generated by org.testng.reporters.JUnitReportReporter -->
<testsuite hostname="Suraiya" failures="0" tests="1" name="com.TestCases.Navigate_DifferentPage" time="7.433" errors="0" timestamp="2024-12-03T21:49:13 EST" skipped="0">
  <testcase classname="com.TestCases.Navigate_DifferentPage" name="navigateToDifferentPage" time="7.433"/>
</testsuite> <!-- com.TestCases.Navigate_DifferentPage -->
