<?xml version="1.0" encoding="UTF-8"?>
<!-- Generated by org.testng.reporters.JUnitReportReporter -->
<testsuite hostname="Suraiya" failures="0" tests="1" name="com.TestCases.Verify_TitlePage" time="5.627" errors="0" timestamp="2024-12-03T13:57:51 EST" skipped="0">
  <testcase classname="com.TestCases.Verify_TitlePage" name="verifyTitleOfThePage" time="5.627"/>
</testsuite> <!-- com.TestCases.Verify_TitlePage -->
